mode: set
github.com/mwkosasih/soccer-service/repo/player.go:19.77,21.16 2 1
github.com/mwkosasih/soccer-service/repo/player.go:25.2,25.12 1 1
github.com/mwkosasih/soccer-service/repo/player.go:21.16,23.3 1 0
github.com/mwkosasih/soccer-service/repo/player.go:28.86,32.16 3 1
github.com/mwkosasih/soccer-service/repo/player.go:50.2,52.16 3 0
github.com/mwkosasih/soccer-service/repo/player.go:56.2,56.18 1 0
github.com/mwkosasih/soccer-service/repo/player.go:32.16,37.17 3 1
github.com/mwkosasih/soccer-service/repo/player.go:43.3,47.19 4 1
github.com/mwkosasih/soccer-service/repo/player.go:37.17,40.4 2 0
github.com/mwkosasih/soccer-service/repo/player.go:52.16,54.3 1 0
github.com/mwkosasih/soccer-service/repo/player.go:59.96,63.16 3 1
github.com/mwkosasih/soccer-service/repo/player.go:81.2,83.16 3 0
github.com/mwkosasih/soccer-service/repo/player.go:87.2,87.18 1 0
github.com/mwkosasih/soccer-service/repo/player.go:63.16,68.17 3 1
github.com/mwkosasih/soccer-service/repo/player.go:74.3,78.19 4 1
github.com/mwkosasih/soccer-service/repo/player.go:68.17,71.4 2 0
github.com/mwkosasih/soccer-service/repo/player.go:83.16,85.3 1 0
github.com/mwkosasih/soccer-service/repo/player.go:90.26,95.2 1 1
github.com/mwkosasih/soccer-service/repo/team.go:19.71,21.16 2 1
github.com/mwkosasih/soccer-service/repo/team.go:25.2,25.12 1 1
github.com/mwkosasih/soccer-service/repo/team.go:21.16,23.3 1 0
github.com/mwkosasih/soccer-service/repo/team.go:28.84,32.16 3 1
github.com/mwkosasih/soccer-service/repo/team.go:50.2,52.16 3 1
github.com/mwkosasih/soccer-service/repo/team.go:56.2,56.18 1 1
github.com/mwkosasih/soccer-service/repo/team.go:32.16,37.17 3 0
github.com/mwkosasih/soccer-service/repo/team.go:43.3,47.19 4 0
github.com/mwkosasih/soccer-service/repo/team.go:37.17,40.4 2 0
github.com/mwkosasih/soccer-service/repo/team.go:52.16,54.3 1 0
github.com/mwkosasih/soccer-service/repo/team.go:59.22,64.2 1 1
github.com/mwkosasih/soccer-service/action/create_player.go:19.77,23.16 3 1
github.com/mwkosasih/soccer-service/action/create_player.go:33.2,34.16 2 1
github.com/mwkosasih/soccer-service/action/create_player.go:39.2,40.12 2 1
github.com/mwkosasih/soccer-service/action/create_player.go:23.16,24.27 1 0
github.com/mwkosasih/soccer-service/action/create_player.go:28.3,29.13 2 0
github.com/mwkosasih/soccer-service/action/create_player.go:24.27,27.4 2 0
github.com/mwkosasih/soccer-service/action/create_player.go:34.16,37.3 2 0
github.com/mwkosasih/soccer-service/action/create_player.go:43.38,48.2 1 1
github.com/mwkosasih/soccer-service/action/create_team.go:15.73,22.16 4 1
github.com/mwkosasih/soccer-service/action/create_team.go:27.2,28.12 2 1
github.com/mwkosasih/soccer-service/action/create_team.go:22.16,25.3 2 0
github.com/mwkosasih/soccer-service/action/create_team.go:31.34,35.2 1 1
github.com/mwkosasih/soccer-service/action/get_player.go:18.91,21.16 3 1
github.com/mwkosasih/soccer-service/action/get_player.go:30.2,31.18 2 1
github.com/mwkosasih/soccer-service/action/get_player.go:21.16,22.27 1 0
github.com/mwkosasih/soccer-service/action/get_player.go:26.3,27.19 2 0
github.com/mwkosasih/soccer-service/action/get_player.go:22.27,25.4 2 0
github.com/mwkosasih/soccer-service/action/get_player.go:34.32,38.2 1 1
github.com/mwkosasih/soccer-service/action/get_team.go:19.123,23.16 3 1
github.com/mwkosasih/soccer-service/action/get_team.go:32.2,33.16 2 1
github.com/mwkosasih/soccer-service/action/get_team.go:42.2,43.34 2 1
github.com/mwkosasih/soccer-service/action/get_team.go:23.16,24.27 1 0
github.com/mwkosasih/soccer-service/action/get_team.go:28.3,29.35 2 0
github.com/mwkosasih/soccer-service/action/get_team.go:24.27,27.4 2 0
github.com/mwkosasih/soccer-service/action/get_team.go:33.16,34.27 1 0
github.com/mwkosasih/soccer-service/action/get_team.go:38.3,39.35 2 0
github.com/mwkosasih/soccer-service/action/get_team.go:34.27,37.4 2 0
github.com/mwkosasih/soccer-service/action/get_team.go:46.28,51.2 1 1
github.com/mwkosasih/soccer-service/repo/mysql/migration.go:13.19,32.16 5 0
github.com/mwkosasih/soccer-service/repo/mysql/migration.go:36.2,36.31 1 0
github.com/mwkosasih/soccer-service/repo/mysql/migration.go:32.16,34.3 1 0
github.com/mwkosasih/soccer-service/repo/mysql/migration.go:36.31,37.33 1 0
github.com/mwkosasih/soccer-service/repo/mysql/migration.go:40.3,40.45 1 0
github.com/mwkosasih/soccer-service/repo/mysql/migration.go:37.33,39.4 1 0
github.com/mwkosasih/soccer-service/repo/mysql/migration.go:41.8,43.3 1 0
github.com/mwkosasih/soccer-service/repo/mysql/player.go:13.77,18.16 5 1
github.com/mwkosasih/soccer-service/repo/mysql/player.go:23.2,23.12 1 1
github.com/mwkosasih/soccer-service/repo/mysql/player.go:18.16,21.3 2 0
github.com/mwkosasih/soccer-service/repo/mysql/player.go:26.86,30.16 4 1
github.com/mwkosasih/soccer-service/repo/mysql/player.go:35.2,35.20 1 1
github.com/mwkosasih/soccer-service/repo/mysql/player.go:30.16,33.3 2 0
github.com/mwkosasih/soccer-service/repo/mysql/player.go:38.96,42.16 4 1
github.com/mwkosasih/soccer-service/repo/mysql/player.go:47.2,47.20 1 1
github.com/mwkosasih/soccer-service/repo/mysql/player.go:42.16,45.3 2 0
github.com/mwkosasih/soccer-service/repo/mysql/player.go:50.26,52.2 1 1
github.com/mwkosasih/soccer-service/repo/mysql/team.go:13.71,18.16 5 1
github.com/mwkosasih/soccer-service/repo/mysql/team.go:23.2,23.12 1 1
github.com/mwkosasih/soccer-service/repo/mysql/team.go:18.16,21.3 2 0
github.com/mwkosasih/soccer-service/repo/mysql/team.go:26.84,30.16 4 1
github.com/mwkosasih/soccer-service/repo/mysql/team.go:35.2,35.18 1 1
github.com/mwkosasih/soccer-service/repo/mysql/team.go:30.16,33.3 2 0
github.com/mwkosasih/soccer-service/repo/mysql/team.go:38.22,40.2 1 1
github.com/mwkosasih/soccer-service/repo/mysql/init.go:15.16,22.16 6 1
github.com/mwkosasih/soccer-service/repo/mysql/init.go:26.2,30.14 3 1
github.com/mwkosasih/soccer-service/repo/mysql/init.go:22.16,24.3 1 0
github.com/mwkosasih/soccer-service/repo/redis/redis.go:11.72,13.2 1 1
github.com/mwkosasih/soccer-service/repo/redis/redis.go:15.105,17.2 1 1
github.com/mwkosasih/soccer-service/repo/redis/redis.go:19.26,21.2 1 1
github.com/mwkosasih/soccer-service/repo/redis/connection.go:15.16,23.16 4 1
github.com/mwkosasih/soccer-service/repo/redis/connection.go:26.2,26.44 1 1
github.com/mwkosasih/soccer-service/repo/redis/connection.go:23.16,25.3 1 0
github.com/mwkosasih/soccer-service/transport/grpc/server.go:14.100,18.16 3 1
github.com/mwkosasih/soccer-service/transport/grpc/server.go:23.2,23.19 1 1
github.com/mwkosasih/soccer-service/transport/grpc/server.go:18.16,21.3 2 0
github.com/mwkosasih/soccer-service/transport/grpc/server.go:26.104,31.16 4 1
github.com/mwkosasih/soccer-service/transport/grpc/server.go:36.2,36.19 1 1
github.com/mwkosasih/soccer-service/transport/grpc/server.go:31.16,34.3 2 0
github.com/mwkosasih/soccer-service/transport/grpc/server.go:39.99,43.16 3 0
github.com/mwkosasih/soccer-service/transport/grpc/server.go:48.2,49.19 2 0
github.com/mwkosasih/soccer-service/transport/grpc/server.go:43.16,46.3 2 0
github.com/mwkosasih/soccer-service/transport/grpc/server.go:52.105,56.16 3 1
github.com/mwkosasih/soccer-service/transport/grpc/server.go:61.2,62.19 2 1
github.com/mwkosasih/soccer-service/transport/grpc/server.go:56.16,59.3 2 0
github.com/mwkosasih/soccer-service/transport/grpc/server.go:66.26,68.2 1 1
